e:\hoctap\hk4\nmptg\doan\next\ninja gaiden\ninja gaiden\debug\vc140.pdb
e:\hoctap\hk4\nmptg\doan\next\ninja gaiden\ninja gaiden\debug\vc140.idb
e:\hoctap\hk4\nmptg\doan\next\ninja gaiden\ninja gaiden\debug\debug.obj
e:\hoctap\hk4\nmptg\doan\next\ninja gaiden\ninja gaiden\debug\game.obj
e:\hoctap\hk4\nmptg\doan\next\ninja gaiden\ninja gaiden\debug\gameobject.obj
e:\hoctap\hk4\nmptg\doan\next\ninja gaiden\ninja gaiden\debug\gamescene.obj
e:\hoctap\hk4\nmptg\doan\next\ninja gaiden\ninja gaiden\debug\gamescenestage31.obj
e:\hoctap\hk4\nmptg\doan\next\ninja gaiden\ninja gaiden\debug\main.obj
e:\hoctap\hk4\nmptg\doan\next\ninja gaiden\ninja gaiden\debug\ninja.obj
e:\hoctap\hk4\nmptg\doan\next\ninja gaiden\ninja gaiden\debug\scenemanager.obj
e:\hoctap\hk4\nmptg\doan\next\ninja gaiden\ninja gaiden\debug\sprites.obj
e:\hoctap\hk4\nmptg\doan\next\ninja gaiden\ninja gaiden\debug\textures.obj
e:\hoctap\hk4\nmptg\doan\next\ninja gaiden\ninja gaiden\debug\tilemap.obj
e:\hoctap\hk4\nmptg\doan\next\ninja gaiden\ninja gaiden\debug\viewport.obj
e:\hoctap\hk4\nmptg\doan\next\ninja gaiden\debug\ninja gaiden.ilk
e:\hoctap\hk4\nmptg\doan\next\ninja gaiden\debug\ninja gaiden.exe
e:\hoctap\hk4\nmptg\doan\next\ninja gaiden\debug\ninja gaiden.pdb
e:\hoctap\hk4\nmptg\doan\next\ninja gaiden\ninja gaiden\debug\ninja gaiden.tlog\cl.command.1.tlog
e:\hoctap\hk4\nmptg\doan\next\ninja gaiden\ninja gaiden\debug\ninja gaiden.tlog\cl.read.1.tlog
e:\hoctap\hk4\nmptg\doan\next\ninja gaiden\ninja gaiden\debug\ninja gaiden.tlog\cl.write.1.tlog
e:\hoctap\hk4\nmptg\doan\next\ninja gaiden\ninja gaiden\debug\ninja gaiden.tlog\link.command.1.tlog
e:\hoctap\hk4\nmptg\doan\next\ninja gaiden\ninja gaiden\debug\ninja gaiden.tlog\link.read.1.tlog
e:\hoctap\hk4\nmptg\doan\next\ninja gaiden\ninja gaiden\debug\ninja gaiden.tlog\link.write.1.tlog
