e:\hoctap\hk4\nmptg\doan\next\ninja gaiden\ninja gaiden\debug\vc140.pdb
e:\hoctap\hk4\nmptg\doan\next\ninja gaiden\ninja gaiden\debug\vc140.idb
e:\hoctap\hk4\nmptg\doan\next\ninja gaiden\ninja gaiden\debug\enemy.obj
e:\hoctap\hk4\nmptg\doan\next\ninja gaiden\ninja gaiden\debug\game.obj
e:\hoctap\hk4\nmptg\doan\next\ninja gaiden\ninja gaiden\debug\gameobject.obj
e:\hoctap\hk4\nmptg\doan\next\ninja gaiden\ninja gaiden\debug\gamescene.obj
e:\hoctap\hk4\nmptg\doan\next\ninja gaiden\ninja gaiden\debug\gamescenestage31.obj
e:\hoctap\hk4\nmptg\doan\next\ninja gaiden\ninja gaiden\debug\gamescenestage32.obj
e:\hoctap\hk4\nmptg\doan\next\ninja gaiden\ninja gaiden\debug\grid.obj
e:\hoctap\hk4\nmptg\doan\next\ninja gaiden\ninja gaiden\debug\hawk.obj
e:\hoctap\hk4\nmptg\doan\next\ninja gaiden\ninja gaiden\debug\main.obj
e:\hoctap\hk4\nmptg\doan\next\ninja gaiden\ninja gaiden\debug\nguoicamkiem.obj
e:\hoctap\hk4\nmptg\doan\next\ninja gaiden\ninja gaiden\debug\ninja.obj
e:\hoctap\hk4\nmptg\doan\next\ninja gaiden\ninja gaiden\debug\ninjasword.obj
e:\hoctap\hk4\nmptg\doan\next\ninja gaiden\ninja gaiden\debug\panther.obj
e:\hoctap\hk4\nmptg\doan\next\ninja gaiden\ninja gaiden\debug\scenemanager.obj
e:\hoctap\hk4\nmptg\doan\next\ninja gaiden\ninja gaiden\debug\sprites.obj
e:\hoctap\hk4\nmptg\doan\next\ninja gaiden\ninja gaiden\debug\textures.obj
e:\hoctap\hk4\nmptg\doan\next\ninja gaiden\ninja gaiden\debug\tilemap.obj
e:\hoctap\hk4\nmptg\doan\next\ninja gaiden\ninja gaiden\debug\camera.obj
e:\hoctap\hk4\nmptg\doan\next\ninja gaiden\ninja gaiden\debug\wall.obj
e:\hoctap\hk4\nmptg\doan\next\ninja gaiden\ninja gaiden\debug\bat.obj
e:\hoctap\hk4\nmptg\doan\next\ninja gaiden\ninja gaiden\debug\bulletcommando.obj
e:\hoctap\hk4\nmptg\doan\next\ninja gaiden\ninja gaiden\debug\bulletgunner.obj
e:\hoctap\hk4\nmptg\doan\next\ninja gaiden\ninja gaiden\debug\ccloak.obj
e:\hoctap\hk4\nmptg\doan\next\ninja gaiden\ninja gaiden\debug\ccommando.obj
e:\hoctap\hk4\nmptg\doan\next\ninja gaiden\ninja gaiden\debug\cgunner.obj
e:\hoctap\hk4\nmptg\doan\next\ninja gaiden\ninja gaiden\debug\cross.obj
e:\hoctap\hk4\nmptg\doan\next\ninja gaiden\ninja gaiden\debug\crunner.obj
e:\hoctap\hk4\nmptg\doan\next\ninja gaiden\ninja gaiden\debug\debug.obj
e:\hoctap\hk4\nmptg\doan\next\ninja gaiden\ninja gaiden\debug\effect.obj
e:\hoctap\hk4\nmptg\doan\next\ninja gaiden\ninja gaiden\debug\ground.obj
e:\hoctap\hk4\nmptg\doan\next\ninja gaiden\debug\ninja gaiden.ilk
e:\hoctap\hk4\nmptg\doan\next\ninja gaiden\debug\ninja gaiden.exe
e:\hoctap\hk4\nmptg\doan\next\ninja gaiden\debug\ninja gaiden.pdb
e:\hoctap\hk4\nmptg\doan\next\ninja gaiden\ninja gaiden\debug\ninja gaiden.tlog\cl.command.1.tlog
e:\hoctap\hk4\nmptg\doan\next\ninja gaiden\ninja gaiden\debug\ninja gaiden.tlog\cl.read.1.tlog
e:\hoctap\hk4\nmptg\doan\next\ninja gaiden\ninja gaiden\debug\ninja gaiden.tlog\cl.write.1.tlog
e:\hoctap\hk4\nmptg\doan\next\ninja gaiden\ninja gaiden\debug\ninja gaiden.tlog\link.command.1.tlog
e:\hoctap\hk4\nmptg\doan\next\ninja gaiden\ninja gaiden\debug\ninja gaiden.tlog\link.read.1.tlog
e:\hoctap\hk4\nmptg\doan\next\ninja gaiden\ninja gaiden\debug\ninja gaiden.tlog\link.write.1.tlog
