  GameScene.cpp
w:\users\khung long\desktop\15_enemydichuyenvacham_ninjaupdatestate_collisionupdate_fixtranmemory\15_enemydichuyenvacham_ninjaupdatestate_collisionupdate_fixtranmemory\ninja gaiden\ninja gaiden\gameobject.h(68): warning C4244: '=': conversion from 'int' to 'float', possible loss of data
w:\users\khung long\desktop\15_enemydichuyenvacham_ninjaupdatestate_collisionupdate_fixtranmemory\15_enemydichuyenvacham_ninjaupdatestate_collisionupdate_fixtranmemory\ninja gaiden\ninja gaiden\gameobject.h(69): warning C4244: '=': conversion from 'int' to 'float', possible loss of data
  GameSceneStage31.cpp
w:\users\khung long\desktop\15_enemydichuyenvacham_ninjaupdatestate_collisionupdate_fixtranmemory\15_enemydichuyenvacham_ninjaupdatestate_collisionupdate_fixtranmemory\ninja gaiden\ninja gaiden\gameobject.h(68): warning C4244: '=': conversion from 'int' to 'float', possible loss of data
w:\users\khung long\desktop\15_enemydichuyenvacham_ninjaupdatestate_collisionupdate_fixtranmemory\15_enemydichuyenvacham_ninjaupdatestate_collisionupdate_fixtranmemory\ninja gaiden\ninja gaiden\gameobject.h(69): warning C4244: '=': conversion from 'int' to 'float', possible loss of data
w:\users\khung long\desktop\15_enemydichuyenvacham_ninjaupdatestate_collisionupdate_fixtranmemory\15_enemydichuyenvacham_ninjaupdatestate_collisionupdate_fixtranmemory\ninja gaiden\ninja gaiden\gamescenestage31.cpp(43): warning C4244: 'argument': conversion from 'float' to 'int', possible loss of data
w:\users\khung long\desktop\15_enemydichuyenvacham_ninjaupdatestate_collisionupdate_fixtranmemory\15_enemydichuyenvacham_ninjaupdatestate_collisionupdate_fixtranmemory\ninja gaiden\ninja gaiden\gamescenestage31.cpp(98): warning C4305: '*=': truncation from 'double' to 'float'
w:\users\khung long\desktop\15_enemydichuyenvacham_ninjaupdatestate_collisionupdate_fixtranmemory\15_enemydichuyenvacham_ninjaupdatestate_collisionupdate_fixtranmemory\ninja gaiden\ninja gaiden\gamescenestage31.cpp(106): warning C4244: 'argument': conversion from 'float' to 'int', possible loss of data
w:\users\khung long\desktop\15_enemydichuyenvacham_ninjaupdatestate_collisionupdate_fixtranmemory\15_enemydichuyenvacham_ninjaupdatestate_collisionupdate_fixtranmemory\ninja gaiden\ninja gaiden\gamescenestage31.cpp(144): warning C4244: 'argument': conversion from 'float' to 'int', possible loss of data
w:\users\khung long\desktop\15_enemydichuyenvacham_ninjaupdatestate_collisionupdate_fixtranmemory\15_enemydichuyenvacham_ninjaupdatestate_collisionupdate_fixtranmemory\ninja gaiden\ninja gaiden\gamescenestage31.cpp(154): warning C4244: 'argument': conversion from 'float' to 'int', possible loss of data
w:\users\khung long\desktop\15_enemydichuyenvacham_ninjaupdatestate_collisionupdate_fixtranmemory\15_enemydichuyenvacham_ninjaupdatestate_collisionupdate_fixtranmemory\ninja gaiden\ninja gaiden\gamescenestage31.cpp(164): warning C4244: 'argument': conversion from 'float' to 'int', possible loss of data
  GameSceneStage32.cpp
w:\users\khung long\desktop\15_enemydichuyenvacham_ninjaupdatestate_collisionupdate_fixtranmemory\15_enemydichuyenvacham_ninjaupdatestate_collisionupdate_fixtranmemory\ninja gaiden\ninja gaiden\gameobject.h(68): warning C4244: '=': conversion from 'int' to 'float', possible loss of data
w:\users\khung long\desktop\15_enemydichuyenvacham_ninjaupdatestate_collisionupdate_fixtranmemory\15_enemydichuyenvacham_ninjaupdatestate_collisionupdate_fixtranmemory\ninja gaiden\ninja gaiden\gameobject.h(69): warning C4244: '=': conversion from 'int' to 'float', possible loss of data
w:\users\khung long\desktop\15_enemydichuyenvacham_ninjaupdatestate_collisionupdate_fixtranmemory\15_enemydichuyenvacham_ninjaupdatestate_collisionupdate_fixtranmemory\ninja gaiden\ninja gaiden\gamescenestage32.cpp(42): warning C4244: 'argument': conversion from 'float' to 'int', possible loss of data
  Ninja.cpp
w:\users\khung long\desktop\15_enemydichuyenvacham_ninjaupdatestate_collisionupdate_fixtranmemory\15_enemydichuyenvacham_ninjaupdatestate_collisionupdate_fixtranmemory\ninja gaiden\ninja gaiden\gameobject.h(68): warning C4244: '=': conversion from 'int' to 'float', possible loss of data
w:\users\khung long\desktop\15_enemydichuyenvacham_ninjaupdatestate_collisionupdate_fixtranmemory\15_enemydichuyenvacham_ninjaupdatestate_collisionupdate_fixtranmemory\ninja gaiden\ninja gaiden\gameobject.h(69): warning C4244: '=': conversion from 'int' to 'float', possible loss of data
w:\users\khung long\desktop\15_enemydichuyenvacham_ninjaupdatestate_collisionupdate_fixtranmemory\15_enemydichuyenvacham_ninjaupdatestate_collisionupdate_fixtranmemory\ninja gaiden\ninja gaiden\ninja.cpp(24): warning C4244: '=': conversion from 'float' to 'int', possible loss of data
w:\users\khung long\desktop\15_enemydichuyenvacham_ninjaupdatestate_collisionupdate_fixtranmemory\15_enemydichuyenvacham_ninjaupdatestate_collisionupdate_fixtranmemory\ninja gaiden\ninja gaiden\ninja.cpp(43): warning C4806: '!=': unsafe operation: no value of type 'bool' promoted to type 'int' can equal the given constant
  SceneManager.cpp
w:\users\khung long\desktop\15_enemydichuyenvacham_ninjaupdatestate_collisionupdate_fixtranmemory\15_enemydichuyenvacham_ninjaupdatestate_collisionupdate_fixtranmemory\ninja gaiden\ninja gaiden\gameobject.h(68): warning C4244: '=': conversion from 'int' to 'float', possible loss of data
w:\users\khung long\desktop\15_enemydichuyenvacham_ninjaupdatestate_collisionupdate_fixtranmemory\15_enemydichuyenvacham_ninjaupdatestate_collisionupdate_fixtranmemory\ninja gaiden\ninja gaiden\gameobject.h(69): warning C4244: '=': conversion from 'int' to 'float', possible loss of data
  main.cpp
w:\users\khung long\desktop\15_enemydichuyenvacham_ninjaupdatestate_collisionupdate_fixtranmemory\15_enemydichuyenvacham_ninjaupdatestate_collisionupdate_fixtranmemory\ninja gaiden\ninja gaiden\gameobject.h(68): warning C4244: '=': conversion from 'int' to 'float', possible loss of data
w:\users\khung long\desktop\15_enemydichuyenvacham_ninjaupdatestate_collisionupdate_fixtranmemory\15_enemydichuyenvacham_ninjaupdatestate_collisionupdate_fixtranmemory\ninja gaiden\ninja gaiden\gameobject.h(69): warning C4244: '=': conversion from 'int' to 'float', possible loss of data
w:\users\khung long\desktop\15_enemydichuyenvacham_ninjaupdatestate_collisionupdate_fixtranmemory\15_enemydichuyenvacham_ninjaupdatestate_collisionupdate_fixtranmemory\ninja gaiden\ninja gaiden\main.cpp(152): warning C4018: '<': signed/unsigned mismatch
  Generating Code...
  Ninja Gaiden.vcxproj -> W:\Users\KhunG LonG\Desktop\15_EnemyDiChuyenVaCham_NinjaUpdateState_CollisionUpdate_FixTranMemory\15_EnemyDiChuyenVaCham_NinjaUpdateState_CollisionUpdate_FixTranMemory\Ninja Gaiden\Debug\Ninja Gaiden.exe
